<?xml version="1.0" encoding="UTF-8"?>
<testng-results skipped="0" failed="0" ignored="0" total="1" passed="1">
  <reporter-output>
  </reporter-output>
  <suite name="Suite" duration-ms="51737" started-at="2020-03-09T09:04:01 IST" finished-at="2020-03-09T09:04:53 IST">
    <groups>
      <group name="cucumber">
        <method signature="AbstractTestNGCucumberTests.feature(cucumber.api.testng.CucumberFeatureWrapper)[pri:0, instance:Runner.RunnerClass@6a41eaa2]" name="feature" class="cucumber.api.testng.AbstractTestNGCucumberTests"/>
      </group> <!-- cucumber -->
    </groups>
    <test name="Test" duration-ms="51737" started-at="2020-03-09T09:04:01 IST" finished-at="2020-03-09T09:04:53 IST">
      <class name="Runner.RunnerClass">
        <test-method status="PASS" signature="setUpClass()[pri:0, instance:Runner.RunnerClass@6a41eaa2]" name="setUpClass" is-config="true" duration-ms="386" started-at="2020-03-09T09:04:01 IST" finished-at="2020-03-09T09:04:02 IST">
          <reporter-output>
          </reporter-output>
        </test-method> <!-- setUpClass -->
        <test-method status="PASS" signature="feature(cucumber.api.testng.CucumberFeatureWrapper)[pri:0, instance:Runner.RunnerClass@6a41eaa2]" name="feature" duration-ms="51144" started-at="2020-03-09T09:04:02 IST" description="Runs Cucumber Feature" data-provider="features" finished-at="2020-03-09T09:04:53 IST">
          <params>
            <param index="0">
              <value>
                <![CDATA[Signup as a new user]]>
              </value>
            </param>
          </params>
          <reporter-output>
          </reporter-output>
        </test-method> <!-- feature -->
        <test-method status="PASS" signature="tearDownClass()[pri:0, instance:Runner.RunnerClass@6a41eaa2]" name="tearDownClass" is-config="true" duration-ms="15" started-at="2020-03-09T09:04:53 IST" finished-at="2020-03-09T09:04:53 IST">
          <reporter-output>
          </reporter-output>
        </test-method> <!-- tearDownClass -->
      </class> <!-- Runner.RunnerClass -->
    </test> <!-- Test -->
  </suite> <!-- Suite -->
</testng-results>
